<?xml version="1.0" encoding="UTF-8"?>
<testng-results skipped="0" failed="0" ignored="0" total="1" passed="1">
  <reporter-output>
  </reporter-output>
  <suite name="Framework Practice Test Suite" duration-ms="48007" started-at="2019-03-17T08:23:30Z" finished-at="2019-03-17T08:24:18Z">
    <groups>
    </groups>
    <test name="Flight Booking Tests" duration-ms="48007" started-at="2019-03-17T08:23:30Z" finished-at="2019-03-17T08:24:18Z">
      <class name="com.demo.tests.FlightBooking">
        <test-method status="PASS" signature="InitialiseSuitRepo()[pri:0, instance:com.demo.tests.FlightBooking@5f2050f6]" name="InitialiseSuitRepo" is-config="true" duration-ms="328" started-at="2019-03-17T08:23:30Z" finished-at="2019-03-17T08:23:30Z">
          <reporter-output>
          </reporter-output>
        </test-method> <!-- InitialiseSuitRepo -->
        <test-method status="PASS" signature="Initialise(java.lang.String, java.lang.String, java.lang.reflect.Method)[pri:0, instance:com.demo.tests.FlightBooking@5f2050f6]" name="Initialise" is-config="true" duration-ms="29145" started-at="2019-03-17T08:23:30Z" finished-at="2019-03-17T08:23:59Z">
          <params>
            <param index="0">
              <value>
                <![CDATA[Chrome]]>
              </value>
            </param>
            <param index="1">
              <value>
                <![CDATA[QA]]>
              </value>
            </param>
            <param index="2">
              <value>
                <![CDATA[public void com.demo.tests.FlightBooking.SignUp() throws java.io.IOException]]>
              </value>
            </param>
          </params>
          <reporter-output>
          </reporter-output>
        </test-method> <!-- Initialise -->
        <test-method status="PASS" signature="SignUp()[pri:1, instance:com.demo.tests.FlightBooking@5f2050f6]" name="SignUp" duration-ms="16834" started-at="2019-03-17T08:23:59Z" finished-at="2019-03-17T08:24:16Z">
          <reporter-output>
          </reporter-output>
        </test-method> <!-- SignUp -->
        <test-method status="PASS" signature="AfterMethodProcess()[pri:0, instance:com.demo.tests.FlightBooking@5f2050f6]" name="AfterMethodProcess" is-config="true" duration-ms="2003" started-at="2019-03-17T08:24:16Z" finished-at="2019-03-17T08:24:18Z">
          <reporter-output>
          </reporter-output>
        </test-method> <!-- AfterMethodProcess -->
        <test-method status="PASS" signature="CleanupSuuits()[pri:0, instance:com.demo.tests.FlightBooking@5f2050f6]" name="CleanupSuuits" is-config="true" duration-ms="930" started-at="2019-03-17T08:24:18Z" finished-at="2019-03-17T08:24:19Z">
          <reporter-output>
          </reporter-output>
        </test-method> <!-- CleanupSuuits -->
      </class> <!-- com.demo.tests.FlightBooking -->
    </test> <!-- Flight Booking Tests -->
  </suite> <!-- Framework Practice Test Suite -->
</testng-results>
